

Microchip MPLAB XC8 Assembler V2.31 build 20201012212115 
                                                                                               Wed Jul 21 20:43:24 2021

Microchip MPLAB XC8 C Compiler v2.31 (Free license) build 20201012212115 Og1 
     1                           	processor	16F887
     2                           	pagewidth 120
     3                           	opt	flic
     4                           	psect	cinit,global,class=CODE,merge=1,delta=2
     5                           	psect	cstackCOMMON,global,class=COMMON,space=1,delta=1,noexec
     6                           	psect	maintext,global,class=CODE,split=1,delta=2
     7                           	psect	text1,local,class=CODE,merge=1,delta=2
     8                           	psect	text2,local,class=CODE,merge=1,delta=2
     9                           	psect	intentry,global,class=CODE,delta=2
    10                           	psect	config,global,abs,ovrld,class=CONFIG,space=4,delta=2,noexec
    11                           	dabs	1,0x7E,2
    12  0000                     
    13                           ; Version 2.20
    14                           ; Generated 12/02/2020 GMT
    15                           ; 
    16                           ; Copyright © 2020, Microchip Technology Inc. and its subsidiaries ("Microchip")
    17                           ; All rights reserved.
    18                           ; 
    19                           ; This software is developed by Microchip Technology Inc. and its subsidiaries ("Microch
      +                          ip").
    20                           ; 
    21                           ; Redistribution and use in source and binary forms, with or without modification, are
    22                           ; permitted provided that the following conditions are met:
    23                           ; 
    24                           ;     1. Redistributions of source code must retain the above copyright notice, this lis
      +                          t of
    25                           ;        conditions and the following disclaimer.
    26                           ; 
    27                           ;     2. Redistributions in binary form must reproduce the above copyright notice, this 
      +                          list
    28                           ;        of conditions and the following disclaimer in the documentation and/or other
    29                           ;        materials provided with the distribution.
    30                           ; 
    31                           ;     3. Microchip's name may not be used to endorse or promote products derived from th
      +                          is
    32                           ;        software without specific prior written permission.
    33                           ; 
    34                           ; THIS SOFTWARE IS PROVIDED BY MICROCHIP "AS IS" AND ANY EXPRESS OR IMPLIED WARRANTIES,
    35                           ; INCLUDING, BUT NOT LIMITED TO, THE IMPLIED WARRANTIES OF MERCHANTABILITY AND FITNESS F
      +                          OR
    36                           ; PURPOSE ARE DISCLAIMED.  IN NO EVENT SHALL MICROCHIP BE LIABLE FOR ANY DIRECT, INDIREC
      +                          T,
    37                           ; INCIDENTAL, SPECIAL, EXEMPLARY, OR CONSEQUENTIAL DAMAGES (INCLUDING BUT NOT LIMITED TO
    38                           ; PROCUREMENT OF SUBSTITUTE GOODS OR SERVICES; LOSS OF USE, DATA OR PROFITS; OR BUSINESS
    39                           ; INTERRUPTION) HOWSOEVER CAUSED AND ON ANY THEORY OF LIABILITY, WHETHER IN CONTRACT, ST
      +                          RICT
    40                           ; LIABILITY, OR TORT (INCLUDING NEGLIGENCE OR OTHERWISE) ARISING IN ANY WAY OUT OF THE U
      +                          SE OF
    41                           ; THIS SOFTWARE, EVEN IF ADVISED OF THE POSSIBILITY OF SUCH DAMAGE.
    42                           ; 
    43                           ; 
    44                           ; Code-generator required, PIC16F887 Definitions
    45                           ; 
    46                           ; SFR Addresses
    47  0000                     	;# 
    48  0001                     	;# 
    49  0002                     	;# 
    50  0003                     	;# 
    51  0004                     	;# 
    52  0005                     	;# 
    53  0006                     	;# 
    54  0007                     	;# 
    55  0008                     	;# 
    56  0009                     	;# 
    57  000A                     	;# 
    58  000B                     	;# 
    59  000C                     	;# 
    60  000D                     	;# 
    61  000E                     	;# 
    62  000E                     	;# 
    63  000F                     	;# 
    64  0010                     	;# 
    65  0011                     	;# 
    66  0012                     	;# 
    67  0013                     	;# 
    68  0014                     	;# 
    69  0015                     	;# 
    70  0015                     	;# 
    71  0016                     	;# 
    72  0017                     	;# 
    73  0018                     	;# 
    74  0019                     	;# 
    75  001A                     	;# 
    76  001B                     	;# 
    77  001B                     	;# 
    78  001C                     	;# 
    79  001D                     	;# 
    80  001E                     	;# 
    81  001F                     	;# 
    82  0081                     	;# 
    83  0085                     	;# 
    84  0086                     	;# 
    85  0087                     	;# 
    86  0088                     	;# 
    87  0089                     	;# 
    88  008C                     	;# 
    89  008D                     	;# 
    90  008E                     	;# 
    91  008F                     	;# 
    92  0090                     	;# 
    93  0091                     	;# 
    94  0092                     	;# 
    95  0093                     	;# 
    96  0093                     	;# 
    97  0093                     	;# 
    98  0094                     	;# 
    99  0095                     	;# 
   100  0096                     	;# 
   101  0097                     	;# 
   102  0098                     	;# 
   103  0099                     	;# 
   104  009A                     	;# 
   105  009B                     	;# 
   106  009C                     	;# 
   107  009D                     	;# 
   108  009E                     	;# 
   109  009F                     	;# 
   110  0105                     	;# 
   111  0107                     	;# 
   112  0108                     	;# 
   113  0109                     	;# 
   114  010C                     	;# 
   115  010C                     	;# 
   116  010D                     	;# 
   117  010E                     	;# 
   118  010F                     	;# 
   119  0185                     	;# 
   120  0187                     	;# 
   121  0188                     	;# 
   122  0189                     	;# 
   123  018C                     	;# 
   124  018D                     	;# 
   125  0000                     	;# 
   126  0001                     	;# 
   127  0002                     	;# 
   128  0003                     	;# 
   129  0004                     	;# 
   130  0005                     	;# 
   131  0006                     	;# 
   132  0007                     	;# 
   133  0008                     	;# 
   134  0009                     	;# 
   135  000A                     	;# 
   136  000B                     	;# 
   137  000C                     	;# 
   138  000D                     	;# 
   139  000E                     	;# 
   140  000E                     	;# 
   141  000F                     	;# 
   142  0010                     	;# 
   143  0011                     	;# 
   144  0012                     	;# 
   145  0013                     	;# 
   146  0014                     	;# 
   147  0015                     	;# 
   148  0015                     	;# 
   149  0016                     	;# 
   150  0017                     	;# 
   151  0018                     	;# 
   152  0019                     	;# 
   153  001A                     	;# 
   154  001B                     	;# 
   155  001B                     	;# 
   156  001C                     	;# 
   157  001D                     	;# 
   158  001E                     	;# 
   159  001F                     	;# 
   160  0081                     	;# 
   161  0085                     	;# 
   162  0086                     	;# 
   163  0087                     	;# 
   164  0088                     	;# 
   165  0089                     	;# 
   166  008C                     	;# 
   167  008D                     	;# 
   168  008E                     	;# 
   169  008F                     	;# 
   170  0090                     	;# 
   171  0091                     	;# 
   172  0092                     	;# 
   173  0093                     	;# 
   174  0093                     	;# 
   175  0093                     	;# 
   176  0094                     	;# 
   177  0095                     	;# 
   178  0096                     	;# 
   179  0097                     	;# 
   180  0098                     	;# 
   181  0099                     	;# 
   182  009A                     	;# 
   183  009B                     	;# 
   184  009C                     	;# 
   185  009D                     	;# 
   186  009E                     	;# 
   187  009F                     	;# 
   188  0105                     	;# 
   189  0107                     	;# 
   190  0108                     	;# 
   191  0109                     	;# 
   192  010C                     	;# 
   193  010C                     	;# 
   194  010D                     	;# 
   195  010E                     	;# 
   196  010F                     	;# 
   197  0185                     	;# 
   198  0187                     	;# 
   199  0188                     	;# 
   200  0189                     	;# 
   201  018C                     	;# 
   202  018D                     	;# 
   203  0000                     	;# 
   204  0001                     	;# 
   205  0002                     	;# 
   206  0003                     	;# 
   207  0004                     	;# 
   208  0005                     	;# 
   209  0006                     	;# 
   210  0007                     	;# 
   211  0008                     	;# 
   212  0009                     	;# 
   213  000A                     	;# 
   214  000B                     	;# 
   215  000C                     	;# 
   216  000D                     	;# 
   217  000E                     	;# 
   218  000E                     	;# 
   219  000F                     	;# 
   220  0010                     	;# 
   221  0011                     	;# 
   222  0012                     	;# 
   223  0013                     	;# 
   224  0014                     	;# 
   225  0015                     	;# 
   226  0015                     	;# 
   227  0016                     	;# 
   228  0017                     	;# 
   229  0018                     	;# 
   230  0019                     	;# 
   231  001A                     	;# 
   232  001B                     	;# 
   233  001B                     	;# 
   234  001C                     	;# 
   235  001D                     	;# 
   236  001E                     	;# 
   237  001F                     	;# 
   238  0081                     	;# 
   239  0085                     	;# 
   240  0086                     	;# 
   241  0087                     	;# 
   242  0088                     	;# 
   243  0089                     	;# 
   244  008C                     	;# 
   245  008D                     	;# 
   246  008E                     	;# 
   247  008F                     	;# 
   248  0090                     	;# 
   249  0091                     	;# 
   250  0092                     	;# 
   251  0093                     	;# 
   252  0093                     	;# 
   253  0093                     	;# 
   254  0094                     	;# 
   255  0095                     	;# 
   256  0096                     	;# 
   257  0097                     	;# 
   258  0098                     	;# 
   259  0099                     	;# 
   260  009A                     	;# 
   261  009B                     	;# 
   262  009C                     	;# 
   263  009D                     	;# 
   264  009E                     	;# 
   265  009F                     	;# 
   266  0105                     	;# 
   267  0107                     	;# 
   268  0108                     	;# 
   269  0109                     	;# 
   270  010C                     	;# 
   271  010C                     	;# 
   272  010D                     	;# 
   273  010E                     	;# 
   274  010F                     	;# 
   275  0185                     	;# 
   276  0187                     	;# 
   277  0188                     	;# 
   278  0189                     	;# 
   279  018C                     	;# 
   280  018D                     	;# 
   281  001F                     _ADCON0bits	set	31
   282  0009                     _PORTE	set	9
   283  0008                     _PORTD	set	8
   284  0007                     _PORTC	set	7
   285  0006                     _PORTB	set	6
   286  0005                     _PORTA	set	5
   287  009F                     _ADCON1bits	set	159
   288  008F                     _OSCCONbits	set	143
   289  0089                     _TRISE	set	137
   290  0088                     _TRISD	set	136
   291  0087                     _TRISC	set	135
   292  0086                     _TRISB	set	134
   293  0085                     _TRISA	set	133
   294  0189                     _ANSELH	set	393
   295  0188                     _ANSEL	set	392
   296                           
   297                           	psect	cinit
   298  000F                     start_initialization:	
   299                           ; #config settings
   300                           
   301  000F                     __initialization:
   302  000F                     end_of_initialization:	
   303                           ;End of C runtime variable initialization code
   304                           
   305  000F                     __end_of__initialization:
   306  000F  0183               	clrf	3
   307  0010  120A  118A  282E   	ljmp	_main	;jump to C main() function
   308                           
   309                           	psect	cstackCOMMON
   310  0070                     __pcstackCOMMON:
   311  0070                     ?_configuracion:
   312  0070                     ?_interrupcion:	
   313                           ; 1 bytes @ 0x0
   314                           
   315  0070                     ??_interrupcion:	
   316                           ; 1 bytes @ 0x0
   317                           
   318  0070                     ?_main:	
   319                           ; 1 bytes @ 0x0
   320                           
   321                           
   322                           ; 1 bytes @ 0x0
   323  0070                     	ds	2
   324  0072                     ??_configuracion:
   325  0072                     ??_main:	
   326                           ; 1 bytes @ 0x2
   327                           
   328                           
   329                           	psect	maintext
   330  002E                     __pmaintext:	
   331                           ; 1 bytes @ 0x2
   332 ;;
   333 ;;Main: autosize = 0, tempsize = 0, incstack = 0, save=0
   334 ;;
   335 ;; *************** function _main *****************
   336 ;; Defined at:
   337 ;;		line 52 in file "main.c"
   338 ;; Parameters:    Size  Location     Type
   339 ;;		None
   340 ;; Auto vars:     Size  Location     Type
   341 ;;		None
   342 ;; Return value:  Size  Location     Type
   343 ;;                  1    wreg      void 
   344 ;; Registers used:
   345 ;;		wreg, status,2, status,0, pclath, cstack
   346 ;; Tracked objects:
   347 ;;		On entry : B00/0
   348 ;;		On exit  : 0/0
   349 ;;		Unchanged: 0/0
   350 ;; Data sizes:     COMMON   BANK0   BANK1   BANK3   BANK2
   351 ;;      Params:         0       0       0       0       0
   352 ;;      Locals:         0       0       0       0       0
   353 ;;      Temps:          0       0       0       0       0
   354 ;;      Totals:         0       0       0       0       0
   355 ;;Total ram usage:        0 bytes
   356 ;; Hardware stack levels required when called:    2
   357 ;; This function calls:
   358 ;;		_configuracion
   359 ;; This function is called by:
   360 ;;		Startup code after reset
   361 ;; This function uses a non-reentrant model
   362 ;;
   363                           
   364                           
   365                           ;psect for function _main
   366  002E                     _main:
   367  002E                     l669:	
   368                           ;incstack = 0
   369                           ; Regs used in _main: [wreg+status,2+status,0+pclath+cstack]
   370                           
   371                           
   372                           ;main.c: 53:     configuracion();
   373  002E  120A  118A  2013  120A  118A  	fcall	_configuracion
   374  0033                     l38:	
   375                           ;main.c: 54:     while(1){
   376                           
   377  0033                     l39:	
   378                           ;main.c: 56:     }
   379                           
   380  0033  2833               	goto	l38
   381  0034  120A  118A  280C   	ljmp	start
   382  0037                     __end_of_main:
   383                           
   384                           	psect	text1
   385  0013                     __ptext1:	
   386 ;; *************** function _configuracion *****************
   387 ;; Defined at:
   388 ;;		line 62 in file "main.c"
   389 ;; Parameters:    Size  Location     Type
   390 ;;		None
   391 ;; Auto vars:     Size  Location     Type
   392 ;;		None
   393 ;; Return value:  Size  Location     Type
   394 ;;                  1    wreg      void 
   395 ;; Registers used:
   396 ;;		wreg, status,2, status,0
   397 ;; Tracked objects:
   398 ;;		On entry : 0/0
   399 ;;		On exit  : 0/0
   400 ;;		Unchanged: 0/0
   401 ;; Data sizes:     COMMON   BANK0   BANK1   BANK3   BANK2
   402 ;;      Params:         0       0       0       0       0
   403 ;;      Locals:         0       0       0       0       0
   404 ;;      Temps:          0       0       0       0       0
   405 ;;      Totals:         0       0       0       0       0
   406 ;;Total ram usage:        0 bytes
   407 ;; Hardware stack levels used:    1
   408 ;; Hardware stack levels required when called:    1
   409 ;; This function calls:
   410 ;;		Nothing
   411 ;; This function is called by:
   412 ;;		_main
   413 ;; This function uses a non-reentrant model
   414 ;;
   415                           
   416                           
   417                           ;psect for function _configuracion
   418  0013                     _configuracion:
   419  0013                     l657:	
   420                           ;incstack = 0
   421                           ; Regs used in _configuracion: [wreg+status,2+status,0]
   422                           
   423                           
   424                           ;main.c: 64:     ANSEL = 0X03;
   425  0013  3003               	movlw	3
   426  0014  1683               	bsf	3,5	;RP0=1, select bank3
   427  0015  1703               	bsf	3,6	;RP1=1, select bank3
   428  0016  0088               	movwf	8	;volatile
   429  0017                     l659:
   430                           
   431                           ;main.c: 65:     ANSELH = 0X00;
   432  0017  0189               	clrf	9	;volatile
   433  0018                     l661:
   434                           
   435                           ;main.c: 66:     TRISA = 0X03;
   436  0018  3003               	movlw	3
   437  0019  1683               	bsf	3,5	;RP0=1, select bank1
   438  001A  1303               	bcf	3,6	;RP1=0, select bank1
   439  001B  0085               	movwf	5	;volatile
   440                           
   441                           ;main.c: 67:     TRISB = 0X00;
   442  001C  0186               	clrf	6	;volatile
   443                           
   444                           ;main.c: 68:     TRISC = 0X00;
   445  001D  0187               	clrf	7	;volatile
   446                           
   447                           ;main.c: 69:     TRISD = 0X00;
   448  001E  0188               	clrf	8	;volatile
   449                           
   450                           ;main.c: 70:     TRISE = 0X00;
   451  001F  0189               	clrf	9	;volatile
   452                           
   453                           ;main.c: 71:     PORTA = 0X00;
   454  0020  1283               	bcf	3,5	;RP0=0, select bank0
   455  0021  1303               	bcf	3,6	;RP1=0, select bank0
   456  0022  0185               	clrf	5	;volatile
   457                           
   458                           ;main.c: 72:     PORTB = 0X00;
   459  0023  0186               	clrf	6	;volatile
   460                           
   461                           ;main.c: 73:     PORTC = 0X00;
   462  0024  0187               	clrf	7	;volatile
   463                           
   464                           ;main.c: 74:     PORTD = 0X00;
   465  0025  0188               	clrf	8	;volatile
   466  0026                     l663:
   467                           
   468                           ;main.c: 75:     PORTE = 0X01;
   469  0026  3001               	movlw	1
   470  0027  0089               	movwf	9	;volatile
   471  0028                     l665:
   472                           
   473                           ;main.c: 78:     OSCCONbits.IRCF = 0b111;
   474  0028  3070               	movlw	112
   475  0029  1683               	bsf	3,5	;RP0=1, select bank1
   476  002A  1303               	bcf	3,6	;RP1=0, select bank1
   477  002B  048F               	iorwf	15,f	;volatile
   478  002C                     l667:
   479                           
   480                           ;main.c: 79:     OSCCONbits.SCS = 0b1;
   481  002C  140F               	bsf	15,0	;volatile
   482  002D                     l44:
   483  002D  0008               	return
   484  002E                     __end_of_configuracion:
   485                           
   486                           	psect	text2
   487  0037                     __ptext2:	
   488 ;; *************** function _interrupcion *****************
   489 ;; Defined at:
   490 ;;		line 45 in file "main.c"
   491 ;; Parameters:    Size  Location     Type
   492 ;;		None
   493 ;; Auto vars:     Size  Location     Type
   494 ;;		None
   495 ;; Return value:  Size  Location     Type
   496 ;;                  1    wreg      void 
   497 ;; Registers used:
   498 ;;		None
   499 ;; Tracked objects:
   500 ;;		On entry : 0/0
   501 ;;		On exit  : 0/0
   502 ;;		Unchanged: 0/0
   503 ;; Data sizes:     COMMON   BANK0   BANK1   BANK3   BANK2
   504 ;;      Params:         0       0       0       0       0
   505 ;;      Locals:         0       0       0       0       0
   506 ;;      Temps:          2       0       0       0       0
   507 ;;      Totals:         2       0       0       0       0
   508 ;;Total ram usage:        2 bytes
   509 ;; Hardware stack levels used:    1
   510 ;; This function calls:
   511 ;;		Nothing
   512 ;; This function is called by:
   513 ;;		Interrupt level 1
   514 ;; This function uses a non-reentrant model
   515 ;;
   516                           
   517                           
   518                           ;psect for function _interrupcion
   519  0037                     _interrupcion:
   520  0037                     i1l33:
   521  0037  0871               	movf	??_interrupcion+1,w
   522  0038  008A               	movwf	10
   523  0039  0E70               	swapf	??_interrupcion,w
   524  003A  0083               	movwf	3
   525  003B  0EFE               	swapf	btemp,f
   526  003C  0E7E               	swapf	btemp,w
   527  003D  0009               	retfie
   528  003E                     __end_of_interrupcion:
   529  007E                     btemp	set	126	;btemp
   530  007E                     wtemp0	set	126
   531                           
   532                           	psect	intentry
   533  0004                     __pintentry:	
   534                           ;incstack = 0
   535                           ; Regs used in _interrupcion: []
   536                           
   537  0004                     interrupt_function:
   538  007E                     saved_w	set	btemp
   539  0004  00FE               	movwf	btemp
   540  0005  0E03               	swapf	3,w
   541  0006  00F0               	movwf	??_interrupcion
   542  0007  080A               	movf	10,w
   543  0008  00F1               	movwf	??_interrupcion+1
   544  0009  120A  118A  2837   	ljmp	_interrupcion
   545                           
   546                           	psect	config
   547                           
   548                           ;Config register CONFIG1 @ 0x2007
   549                           ;	Oscillator Selection bits
   550                           ;	FOSC = INTRC_NOCLKOUT, INTOSCIO oscillator: I/O function on RA6/OSC2/CLKOUT pin, I/O f
      +                          unction on RA7/OSC1/CLKIN
   551                           ;	Watchdog Timer Enable bit
   552                           ;	WDTE = OFF, WDT disabled and can be enabled by SWDTEN bit of the WDTCON register
   553                           ;	Power-up Timer Enable bit
   554                           ;	PWRTE = OFF, PWRT disabled
   555                           ;	RE3/MCLR pin function select bit
   556                           ;	MCLRE = ON, RE3/MCLR pin function is MCLR
   557                           ;	Code Protection bit
   558                           ;	CP = OFF, Program memory code protection is disabled
   559                           ;	Data Code Protection bit
   560                           ;	CPD = OFF, Data memory code protection is disabled
   561                           ;	Brown Out Reset Selection bits
   562                           ;	BOREN = OFF, BOR disabled
   563                           ;	Internal External Switchover bit
   564                           ;	IESO = OFF, Internal/External Switchover mode is disabled
   565                           ;	Fail-Safe Clock Monitor Enabled bit
   566                           ;	FCMEN = OFF, Fail-Safe Clock Monitor is disabled
   567                           ;	Low Voltage Programming Enable bit
   568                           ;	LVP = OFF, RB3 pin has digital I/O, HV on MCLR must be used for programming
   569                           ;	In-Circuit Debugger Mode bit
   570                           ;	DEBUG = 0x1, unprogrammed default
   571  2007                     	org	8199
   572  2007  20F4               	dw	8436
   573                           
   574                           ;Config register CONFIG2 @ 0x2008
   575                           ;	Brown-out Reset Selection bit
   576                           ;	BOR4V = BOR40V, Brown-out Reset set to 4.0V
   577                           ;	Flash Program Memory Self Write Enable bits
   578                           ;	WRT = OFF, Write protection off
   579  2008                     	org	8200
   580  2008  3FFF               	dw	16383

Data Sizes:
    Strings     0
    Constant    0
    Data        0
    BSS         0
    Persistent  0
    Stack       0

Auto Spaces:
    Space          Size  Autos    Used
    COMMON           14      2       2
    BANK0            80      0       0
    BANK1            80      0       0
    BANK3            96      0       0
    BANK2            96      0       0

Pointer List with Targets:

    None.

Critical Paths under _main in COMMON

    None.

Critical Paths under _interrupcion in COMMON

    None.

Critical Paths under _main in BANK0

    None.

Critical Paths under _interrupcion in BANK0

    None.

Critical Paths under _main in BANK1

    None.

Critical Paths under _interrupcion in BANK1

    None.

Critical Paths under _main in BANK3

    None.

Critical Paths under _interrupcion in BANK3

    None.

Critical Paths under _main in BANK2

    None.

Critical Paths under _interrupcion in BANK2

    None.

Call Graph Tables:

 ---------------------------------------------------------------------------------
 (Depth) Function   	        Calls       Base Space   Used Autos Params    Refs
 ---------------------------------------------------------------------------------
 (0) _main                                                 0     0      0       0
                      _configuracion
 ---------------------------------------------------------------------------------
 (1) _configuracion                                        0     0      0       0
 ---------------------------------------------------------------------------------
 Estimated maximum stack depth 1
 ---------------------------------------------------------------------------------
 (Depth) Function   	        Calls       Base Space   Used Autos Params    Refs
 ---------------------------------------------------------------------------------
 (2) _interrupcion                                         2     2      0       0
                                              0 COMMON     2     2      0
 ---------------------------------------------------------------------------------
 Estimated maximum stack depth 2
 ---------------------------------------------------------------------------------

 Call Graph Graphs:

 _main (ROOT)
   _configuracion

 _interrupcion (ROOT)

 Address spaces:
Name               Size   Autos  Total    Cost      Usage
BITCOMMON            E      0       0       0        0.0%
EEDATA             100      0       0       0        0.0%
NULL                 0      0       0       0        0.0%
CODE                 0      0       0       0        0.0%
COMMON               E      2       2       1       14.3%
BITSFR0              0      0       0       1        0.0%
SFR0                 0      0       0       1        0.0%
BITSFR1              0      0       0       2        0.0%
SFR1                 0      0       0       2        0.0%
STACK                0      0       0       2        0.0%
ABS                  0      0       0       3        0.0%
BITBANK0            50      0       0       4        0.0%
BITSFR3              0      0       0       4        0.0%
SFR3                 0      0       0       4        0.0%
BANK0               50      0       0       5        0.0%
BITSFR2              0      0       0       5        0.0%
SFR2                 0      0       0       5        0.0%
BITBANK1            50      0       0       6        0.0%
BANK1               50      0       0       7        0.0%
BITBANK3            60      0       0       8        0.0%
BANK3               60      0       0       9        0.0%
BITBANK2            60      0       0      10        0.0%
BANK2               60      0       0      11        0.0%
DATA                 0      0       0      12        0.0%


Microchip Technology PIC Macro Assembler V2.31 build 20201012212115 
Symbol Table                                                                                   Wed Jul 21 20:43:24 2021

                     l44 002D                       l38 0033                       l39 0033  
         ?_configuracion 0070                      l661 0018                      l663 0026  
                    l665 0028                      l657 0013                      l667 002C  
                    l659 0017                      l669 002E                     i1l33 0037  
                   _main 002E                     btemp 007E                     start 000C  
                  ?_main 0070                    _ANSEL 0188                    _PORTA 0005  
                  _PORTB 0006                    _PORTC 0007                    _PORTD 0008  
                  _PORTE 0009                    _TRISA 0085                    _TRISB 0086  
                  _TRISC 0087                    _TRISD 0088                    _TRISE 0089  
                  pclath 000A                    status 0003                    wtemp0 007E  
        __initialization 000F             __end_of_main 0037          ??_configuracion 0072  
                 ??_main 0072                   _ANSELH 0189                   saved_w 007E  
__end_of__initialization 000F           __pcstackCOMMON 0070            ?_interrupcion 0070  
         ??_interrupcion 0070               __pmaintext 002E               __pintentry 0004  
                __ptext1 0013                  __ptext2 0037     end_of_initialization 000F  
  __end_of_configuracion 002E     __end_of_interrupcion 003E      start_initialization 000F  
              ___latbits 0002    __size_of_interrupcion 0007        interrupt_function 0004  
           _interrupcion 0037               _ADCON0bits 001F               _ADCON1bits 009F  
 __size_of_configuracion 001B            __size_of_main 0009                 intlevel1 0000  
             _OSCCONbits 008F            _configuracion 0013  
